<?xml version="1.0" encoding="UTF-8"?>
<!-- Generated by org.testng.reporters.JUnitReportReporter -->
<testsuite skipped="0" hostname="DESKTOP-USKBAJ4" name="tests.BuyProductUsingCCPaymentTest" tests="2" failures="0" timestamp="15 Dec 2019 17:08:36 GMT" time="37.691" errors="0">
  <testcase name="buyNowProductWithCCPaymentTest" time="23.055" classname="tests.BuyProductUsingCCPaymentTest"/>
  <testcase name="buyNowProductWithCCPaymentFailedTest" time="14.636" classname="tests.BuyProductUsingCCPaymentTest"/>
</testsuite> <!-- tests.BuyProductUsingCCPaymentTest -->
