<?xml version="1.0" encoding="UTF-8"?>
<!-- Generated by org.testng.reporters.JUnitReportReporter -->
<testsuite skipped="0" hostname="DESKTOP-USKBAJ4" name="tests.BuyProductUsingCCPaymentTest" tests="1" failures="0" timestamp="15 Dec 2019 15:09:28 GMT" time="14.453" errors="0">
  <testcase name="buyNowProductWithCCPaymentFailedTest" time="14.453" classname="tests.BuyProductUsingCCPaymentTest"/>
</testsuite> <!-- tests.BuyProductUsingCCPaymentTest -->
